0 info it worked if it ends with ok
1 verbose cli [ '/usr/local/Cellar/node/6.7.0/bin/node',
1 verbose cli   '/usr/local/bin/npm',
1 verbose cli   'run',
1 verbose cli   'test' ]
2 info using npm@3.10.7
3 info using node@v6.7.0
4 verbose run-script [ 'pretest', 'test', 'posttest' ]
5 info lifecycle ample@1.0.0~pretest: ample@1.0.0
6 silly lifecycle ample@1.0.0~pretest: no script for pretest, continuing
7 info lifecycle ample@1.0.0~test: ample@1.0.0
8 verbose lifecycle ample@1.0.0~test: unsafe-perm in lifecycle true
9 verbose lifecycle ample@1.0.0~test: PATH: /usr/local/lib/node_modules/npm/bin/node-gyp-bin:/Users/julian/dev/ample/node_modules/.bin:/usr/local/Cellar/node/6.7.0/bin:/usr/local/bin:/usr/bin:/bin:/usr/sbin:/sbin:/Applications/neo4j/bin:/Applications/maven/bin:/Applications/neo4j/bin:/Applications/maven/bin
10 verbose lifecycle ample@1.0.0~test: CWD: /Users/julian/dev/ample
11 silly lifecycle ample@1.0.0~test: Args: [ '-c', 'mocha ./test/parsers' ]
12 silly lifecycle ample@1.0.0~test: Returned: code: 4  signal: null
13 info lifecycle ample@1.0.0~test: Failed to exec test script
14 verbose stack Error: ample@1.0.0 test: `mocha ./test/parsers`
14 verbose stack Exit status 4
14 verbose stack     at EventEmitter.<anonymous> (/usr/local/lib/node_modules/npm/lib/utils/lifecycle.js:255:16)
14 verbose stack     at emitTwo (events.js:106:13)
14 verbose stack     at EventEmitter.emit (events.js:191:7)
14 verbose stack     at ChildProcess.<anonymous> (/usr/local/lib/node_modules/npm/lib/utils/spawn.js:40:14)
14 verbose stack     at emitTwo (events.js:106:13)
14 verbose stack     at ChildProcess.emit (events.js:191:7)
14 verbose stack     at maybeClose (internal/child_process.js:877:16)
14 verbose stack     at Process.ChildProcess._handle.onexit (internal/child_process.js:226:5)
15 verbose pkgid ample@1.0.0
16 verbose cwd /Users/julian/dev/ample
17 error Darwin 16.4.0
18 error argv "/usr/local/Cellar/node/6.7.0/bin/node" "/usr/local/bin/npm" "run" "test"
19 error node v6.7.0
20 error npm  v3.10.7
21 error code ELIFECYCLE
22 error ample@1.0.0 test: `mocha ./test/parsers`
22 error Exit status 4
23 error Failed at the ample@1.0.0 test script 'mocha ./test/parsers'.
23 error Make sure you have the latest version of node.js and npm installed.
23 error If you do, this is most likely a problem with the ample package,
23 error not with npm itself.
23 error Tell the author that this fails on your system:
23 error     mocha ./test/parsers
23 error You can get information on how to open an issue for this project with:
23 error     npm bugs ample
23 error Or if that isn't available, you can get their info via:
23 error     npm owner ls ample
23 error There is likely additional logging output above.
24 verbose exit [ 1, true ]
